<?xml version="1.0" encoding="UTF-8"?>
<!-- Generated by org.testng.reporters.JUnitXMLReporter -->
<testsuite ignored="0" hostname="DESKTOP-8AK8BNU" failures="1" tests="4" name="Test" time="28.678" errors="0" timestamp="2025-09-21T15:02:07 IST">
  <testcase classname="testCases.TC003_LoginDDT" name="verify_loginDDT" time="1.518"/>
  <testcase classname="testCases.TC003_LoginDDT" name="verify_loginDDT" time="10.51">
    <failure type="java.lang.AssertionError" message="expected [true] but found [false]">
      <![CDATA[java.lang.AssertionError: expected [true] but found [false]
at testCases.TC003_LoginDDT.verify_loginDDT(TC003_LoginDDT.java:48)
at java.base/java.util.ArrayList.forEach(ArrayList.java:1596)
... Removed 33 stack frames]]>
    </failure>
  </testcase> <!-- verify_loginDDT -->
  <testcase classname="testCases.TC003_LoginDDT" name="verify_loginDDT" time="10.915"/>
  <testcase classname="testCases.TC003_LoginDDT" name="verify_loginDDT" time="1.528"/>
</testsuite> <!-- Test -->
