<?xml version="1.0" encoding="UTF-8"?>
<!-- Generated by org.testng.reporters.JUnitXMLReporter -->
<testsuite ignored="0" hostname="DESKTOP-8AK8BNU" failures="1" tests="4" name="Test" time="31.679" errors="0" timestamp="2025-09-17T20:21:51 IST">
  <testcase classname="testCases.TC003_LoginDDT" name="verify_loginDDT" time="1.964"/>
  <testcase classname="testCases.TC003_LoginDDT" name="verify_loginDDT" time="10.929">
    <failure type="java.lang.AssertionError" message="expected [true] but found [false]">
      <![CDATA[java.lang.AssertionError: expected [true] but found [false]
at testCases.TC003_LoginDDT.verify_loginDDT(TC003_LoginDDT.java:48)
at java.base/java.util.ArrayList.forEach(ArrayList.java:1596)
... Removed 29 stack frames]]>
    </failure>
  </testcase> <!-- verify_loginDDT -->
  <testcase classname="testCases.TC003_LoginDDT" name="verify_loginDDT" time="11.313"/>
  <testcase classname="testCases.TC003_LoginDDT" name="verify_loginDDT" time="1.94"/>
</testsuite> <!-- Test -->
